<?xml version="1.0" encoding="UTF-8"?>
<testsuite xmlns:xsi="http://www.w3.org/2001/XMLSchema-instance" xsi:noNamespaceSchemaLocation="https://maven.apache.org/surefire/maven-surefire-plugin/xsd/surefire-test-report-3.0.xsd" version="3.0" name="com.mycompany.spaceminingadventure.SpaceMiningAdventureTest" time="0.106" tests="7" errors="0" skipped="0" failures="0">
  <properties>
    <property name="java.specification.version" value="23"/>
    <property name="sun.cpu.isalist" value="amd64"/>
    <property name="sun.jnu.encoding" value="Cp1252"/>
    <property name="java.class.path" value="C:\Users\Chiara\Documents\NetBeansProjects\SpaceMiningAdventure\target\test-classes;C:\Users\Chiara\Documents\NetBeansProjects\SpaceMiningAdventure\target\classes;C:\Users\Chiara\.m2\repository\junit\junit\4.13.2\junit-4.13.2.jar;C:\Users\Chiara\.m2\repository\org\hamcrest\hamcrest-core\1.3\hamcrest-core-1.3.jar;"/>
    <property name="java.vm.vendor" value="Oracle Corporation"/>
    <property name="sun.arch.data.model" value="64"/>
    <property name="user.variant" value=""/>
    <property name="java.vendor.url" value="https://java.oracle.com/"/>
    <property name="user.timezone" value="Africa/Johannesburg"/>
    <property name="os.name" value="Windows 11"/>
    <property name="java.vm.specification.version" value="23"/>
    <property name="user.country" value="ZA"/>
    <property name="sun.java.launcher" value="SUN_STANDARD"/>
    <property name="sun.boot.library.path" value="C:\Program Files\Java\jdk-23\bin"/>
    <property name="sun.java.command" value="C:\Users\Chiara\AppData\Local\Temp\surefire8091517231371665798\surefirebooter-20250828223949225_3.jar C:\Users\Chiara\AppData\Local\Temp\surefire8091517231371665798 2025-08-28T22-39-47_131-jvmRun1 surefire-20250828223949225_1tmp surefire_0-20250828223949225_2tmp"/>
    <property name="jdk.debug" value="release"/>
    <property name="test" value="com.mycompany.spaceminingadventure.SpaceMiningAdventureTest"/>
    <property name="surefire.test.class.path" value="C:\Users\Chiara\Documents\NetBeansProjects\SpaceMiningAdventure\target\test-classes;C:\Users\Chiara\Documents\NetBeansProjects\SpaceMiningAdventure\target\classes;C:\Users\Chiara\.m2\repository\junit\junit\4.13.2\junit-4.13.2.jar;C:\Users\Chiara\.m2\repository\org\hamcrest\hamcrest-core\1.3\hamcrest-core-1.3.jar;"/>
    <property name="sun.cpu.endian" value="little"/>
    <property name="user.home" value="C:\Users\Chiara"/>
    <property name="user.language" value="en"/>
    <property name="java.specification.vendor" value="Oracle Corporation"/>
    <property name="java.version.date" value="2025-01-21"/>
    <property name="java.home" value="C:\Program Files\Java\jdk-23"/>
    <property name="file.separator" value="\"/>
    <property name="basedir" value="C:\Users\Chiara\Documents\NetBeansProjects\SpaceMiningAdventure"/>
    <property name="java.vm.compressedOopsMode" value="Zero based"/>
    <property name="line.separator" value="&#10;"/>
    <property name="java.vm.specification.vendor" value="Oracle Corporation"/>
    <property name="java.specification.name" value="Java Platform API Specification"/>
    <property name="surefire.real.class.path" value="C:\Users\Chiara\AppData\Local\Temp\surefire8091517231371665798\surefirebooter-20250828223949225_3.jar"/>
    <property name="user.script" value=""/>
    <property name="sun.management.compiler" value="HotSpot 64-Bit Tiered Compilers"/>
    <property name="java.runtime.version" value="23.0.2+7-58"/>
    <property name="user.name" value="Chiara"/>
    <property name="stdout.encoding" value="Cp1252"/>
    <property name="path.separator" value=";"/>
    <property name="os.version" value="10.0"/>
    <property name="java.runtime.name" value="Java(TM) SE Runtime Environment"/>
    <property name="file.encoding" value="UTF-8"/>
    <property name="java.vm.name" value="Java HotSpot(TM) 64-Bit Server VM"/>
    <property name="maven.ext.class.path" value="C:\Program Files\NetBeans-24\netbeans\java\maven-nblib\netbeans-eventspy.jar"/>
    <property name="localRepository" value="C:\Users\Chiara\.m2\repository"/>
    <property name="java.vendor.url.bug" value="https://bugreport.java.com/bugreport/"/>
    <property name="java.io.tmpdir" value="C:\Users\Chiara\AppData\Local\Temp\"/>
    <property name="java.version" value="23.0.2"/>
    <property name="user.dir" value="C:\Users\Chiara\Documents\NetBeansProjects\SpaceMiningAdventure"/>
    <property name="os.arch" value="amd64"/>
    <property name="java.vm.specification.name" value="Java Virtual Machine Specification"/>
    <property name="sun.os.patch.level" value=""/>
    <property name="native.encoding" value="Cp1252"/>
    <property name="java.library.path" value="C:\Program Files\Java\jdk-23\bin;C:\WINDOWS\Sun\Java\bin;C:\WINDOWS\system32;C:\WINDOWS;C:\Program Files\Common Files\Oracle\Java\javapath;C:\Python312\Scripts\;C:\Python312\;C:\windows\system32;C:\windows;C:\windows\System32\Wbem;C:\windows\System32\WindowsPowerShell\v1.0\;C:\windows\System32\OpenSSH\;C:\Program Files\HP\HP One Agent;C:\ProgramData\chocolatey\bin;C:\Program Files\nodejs\;C:\WINDOWS\system32;C:\WINDOWS;C:\WINDOWS\System32\Wbem;C:\WINDOWS\System32\WindowsPowerShell\v1.0\;C:\WINDOWS\System32\OpenSSH\;C:\Program Files\Git\cmd;C:\Users\Chiara\AppData\Local\Microsoft\WindowsApps;C:\Users\Chiara\AppData\Local\GitHubDesktop\bin;C:\Users\Chiara\AppData\Local\Programs\Microsoft VS Code\bin;C:\Users\Chiara\AppData\Roaming\npm;;."/>
    <property name="java.vm.info" value="mixed mode, sharing"/>
    <property name="stderr.encoding" value="Cp1252"/>
    <property name="java.vendor" value="Oracle Corporation"/>
    <property name="java.vm.version" value="23.0.2+7-58"/>
    <property name="sun.io.unicode.encoding" value="UnicodeLittle"/>
    <property name="java.class.version" value="67.0"/>
  </properties>
  <testcase name="testPlanetVisit" classname="com.mycompany.spaceminingadventure.SpaceMiningAdventureTest" time="0.009"/>
  <testcase name="testShipTakeDamageAndFuelUsage" classname="com.mycompany.spaceminingadventure.SpaceMiningAdventureTest" time="0.0"/>
  <testcase name="testCargoShipAddResource" classname="com.mycompany.spaceminingadventure.SpaceMiningAdventureTest" time="0.0"/>
  <testcase name="testCargoShipCapacityLimit" classname="com.mycompany.spaceminingadventure.SpaceMiningAdventureTest" time="0.0"/>
  <testcase name="testBattleShipAttack" classname="com.mycompany.spaceminingadventure.SpaceMiningAdventureTest" time="0.016">
    <system-out><![CDATA[Defender attacks Zorgon for 20 damage!
]]></system-out>
  </testcase>
  <testcase name="testWeakAlienAttack" classname="com.mycompany.spaceminingadventure.SpaceMiningAdventureTest" time="0.004">
    <system-out><![CDATA[Martian attacks for 5 damage!
]]></system-out>
  </testcase>
  <testcase name="testStrongAlienAttack" classname="com.mycompany.spaceminingadventure.SpaceMiningAdventureTest" time="0.003">
    <system-out><![CDATA[Zorgon attacks for 15 damage!
]]></system-out>
  </testcase>
</testsuite>